<?xml version="1.0" encoding="UTF-8"?>
<!-- Generated by org.testng.reporters.JUnitReportReporter -->
<testsuite skipped="0" hostname="DESKTOP-CRFERR4" name="qaclickacademy.RESTAPITest" tests="2" failures="0" timestamp="27 Dec 2019 05:51:04 GMT" time="0.007" errors="0">
  <testcase name="postJira" time="0.003" classname="qaclickacademy.RESTAPITest"/>
  <testcase name="deleteTwitter" time="0.004" classname="qaclickacademy.RESTAPITest"/>
</testsuite> <!-- qaclickacademy.RESTAPITest -->
