<?xml version="1.0" encoding="UTF-8"?>
<!-- Generated by org.testng.reporters.JUnitReportReporter -->
<testsuite skipped="0" hostname="DESKTOP-CRFERR4" name="qaclickacademy.AppiumTest" tests="2" failures="0" timestamp="27 Dec 2019 05:51:04 GMT" time="0.007" errors="0">
  <testcase name="NativeAppAndroid" time="0.003" classname="qaclickacademy.AppiumTest"/>
  <testcase name="IOSApps" time="0.004" classname="qaclickacademy.AppiumTest"/>
</testsuite> <!-- qaclickacademy.AppiumTest -->
