<?xml version="1.0" encoding="UTF-8"?>
<!-- Generated by org.testng.reporters.JUnitReportReporter -->
<testsuite skipped="0" hostname="DESKTOP-CRFERR4" name="qaclickacademy.SeleniumTest" tests="2" failures="0" timestamp="27 Dec 2019 05:51:04 GMT" time="0.024" errors="0">
  <testcase name="BrowserAutomation" time="0.019" classname="qaclickacademy.SeleniumTest"/>
  <testcase name="ElementUI" time="0.005" classname="qaclickacademy.SeleniumTest"/>
</testsuite> <!-- qaclickacademy.SeleniumTest -->
