<?xml version="1.0" encoding="UTF-8"?>
<!-- Generated by org.testng.reporters.JUnitReportReporter -->
<testsuite skipped="0" hostname="DESKTOP-CRFERR4" name="test.day4" tests="3" failures="0" timestamp="27 Dec 2019 05:48:32 GMT" time="0.041" errors="0">
  <testcase name="mobileLoginHomeLoan" time="0.020" classname="test.day4"/>
  <testcase name="loginAPIHomeLoan" time="0.010" classname="test.day4"/>
  <testcase name="webLoginHomeLoan" time="0.011" classname="test.day4"/>
</testsuite> <!-- test.day4 -->
