<?xml version="1.0" encoding="UTF-8"?>
<!-- Generated by org.testng.reporters.JUnitReportReporter -->
<testsuite skipped="0" hostname="DESKTOP-CRFERR4" name="test.day2" tests="1" failures="0" timestamp="27 Dec 2019 05:48:32 GMT" time="0.009" errors="0">
  <testcase name="pLoan" time="0.009" classname="test.day2"/>
</testsuite> <!-- test.day2 -->
