<?xml version="1.0" encoding="UTF-8"?>
<!-- Generated by org.testng.reporters.JUnitReportReporter -->
<testsuite skipped="0" hostname="DESKTOP-CRFERR4" name="test.temp2" tests="1" failures="0" timestamp="27 Dec 2019 05:47:45 GMT" time="0.002" errors="0">
  <testcase name="testCase" time="0.002" classname="test.temp2"/>
</testsuite> <!-- test.temp2 -->
