<?xml version="1.0" encoding="UTF-8"?>
<!-- Generated by org.testng.reporters.JUnitReportReporter -->
<testsuite skipped="1" hostname="DESKTOP-CRFERR4" name="test.day3" tests="7" failures="0" timestamp="27 Dec 2019 05:48:32 GMT" time="0.085" errors="0">
  <testcase name="webLoginCarLoan" time="0.002" classname="test.day3"/>
  <testcase name="mobileSignOutCarLoan" time="0.019" classname="test.day3"/>
  <testcase name="mobileSignOutCarLoan" time="0.007" classname="test.day3"/>
  <testcase name="apiCarLoan" time="0.006" classname="test.day3"/>
  <testcase name="mobileLoginCarLoan" time="0.047" classname="test.day3"/>
  <testcase name="mobileSignOutCarLoan" time="0.004" classname="test.day3"/>
  <testcase name="mobileSignInCarLoan" classname="test.day3">
    <skipped/>
  </testcase> <!-- mobileSignInCarLoan -->
</testsuite> <!-- test.day3 -->
