<?xml version="1.0" encoding="UTF-8"?>
<!-- Generated by org.testng.reporters.JUnitReportReporter -->
<testsuite skipped="0" hostname="DESKTOP-CRFERR4" name="test.temp" tests="4" failures="0" timestamp="27 Dec 2019 05:47:45 GMT" time="0.011" errors="0">
  <testcase name="t1" time="0.001" classname="test.temp"/>
  <testcase name="t2" time="0.007" classname="test.temp"/>
  <testcase name="t3" time="0.001" classname="test.temp"/>
  <testcase name="t4" time="0.002" classname="test.temp"/>
</testsuite> <!-- test.temp -->
